<?xml version="1.0" encoding="UTF-8"?>
<testsuite xmlns:xsi="http://www.w3.org/2001/XMLSchema-instance" xsi:noNamespaceSchemaLocation="https://maven.apache.org/surefire/maven-surefire-plugin/xsd/surefire-test-report-3.0.xsd" version="3.0" name="fr.istic.vv.BinaryHeapTest" time="0.148" tests="6" errors="0" skipped="0" failures="0">
  <properties>
    <property name="java.specification.version" value="17"/>
    <property name="sun.cpu.isalist" value="amd64"/>
    <property name="sun.jnu.encoding" value="Cp1252"/>
    <property name="java.class.path" value="C:\Users\Lunox\OneDrive\Bureau\il\VV\VV-ISTIC-TP3\code\tp3-heap\target\test-classes;C:\Users\Lunox\OneDrive\Bureau\il\VV\VV-ISTIC-TP3\code\tp3-heap\target\classes;C:\Users\Lunox\.m2\repository\org\junit\jupiter\junit-jupiter\5.6.2\junit-jupiter-5.6.2.jar;C:\Users\Lunox\.m2\repository\org\junit\jupiter\junit-jupiter-api\5.6.2\junit-jupiter-api-5.6.2.jar;C:\Users\Lunox\.m2\repository\org\apiguardian\apiguardian-api\1.1.0\apiguardian-api-1.1.0.jar;C:\Users\Lunox\.m2\repository\org\opentest4j\opentest4j\1.2.0\opentest4j-1.2.0.jar;C:\Users\Lunox\.m2\repository\org\junit\platform\junit-platform-commons\1.6.2\junit-platform-commons-1.6.2.jar;C:\Users\Lunox\.m2\repository\org\junit\jupiter\junit-jupiter-params\5.6.2\junit-jupiter-params-5.6.2.jar;C:\Users\Lunox\.m2\repository\org\junit\jupiter\junit-jupiter-engine\5.6.2\junit-jupiter-engine-5.6.2.jar;C:\Users\Lunox\.m2\repository\org\junit\platform\junit-platform-engine\1.6.2\junit-platform-engine-1.6.2.jar;"/>
    <property name="java.vm.vendor" value="Oracle Corporation"/>
    <property name="sun.arch.data.model" value="64"/>
    <property name="user.variant" value=""/>
    <property name="java.vendor.url" value="https://java.oracle.com/"/>
    <property name="user.timezone" value="Europe/Paris"/>
    <property name="os.name" value="Windows 10"/>
    <property name="java.vm.specification.version" value="17"/>
    <property name="sun.java.launcher" value="SUN_STANDARD"/>
    <property name="user.country" value="FR"/>
    <property name="sun.boot.library.path" value="C:\Program Files\Java\jdk-17\bin"/>
    <property name="sun.java.command" value="C:\Users\Lunox\AppData\Local\Temp\surefire16038502777198303474\surefirebooter14376553731826753876.jar C:\Users\Lunox\AppData\Local\Temp\surefire16038502777198303474 2024-01-29T18-00-50_362-jvmRun1 surefire437619905017859986tmp surefire_015559901371593188499tmp"/>
    <property name="jdk.debug" value="release"/>
    <property name="surefire.test.class.path" value="C:\Users\Lunox\OneDrive\Bureau\il\VV\VV-ISTIC-TP3\code\tp3-heap\target\test-classes;C:\Users\Lunox\OneDrive\Bureau\il\VV\VV-ISTIC-TP3\code\tp3-heap\target\classes;C:\Users\Lunox\.m2\repository\org\junit\jupiter\junit-jupiter\5.6.2\junit-jupiter-5.6.2.jar;C:\Users\Lunox\.m2\repository\org\junit\jupiter\junit-jupiter-api\5.6.2\junit-jupiter-api-5.6.2.jar;C:\Users\Lunox\.m2\repository\org\apiguardian\apiguardian-api\1.1.0\apiguardian-api-1.1.0.jar;C:\Users\Lunox\.m2\repository\org\opentest4j\opentest4j\1.2.0\opentest4j-1.2.0.jar;C:\Users\Lunox\.m2\repository\org\junit\platform\junit-platform-commons\1.6.2\junit-platform-commons-1.6.2.jar;C:\Users\Lunox\.m2\repository\org\junit\jupiter\junit-jupiter-params\5.6.2\junit-jupiter-params-5.6.2.jar;C:\Users\Lunox\.m2\repository\org\junit\jupiter\junit-jupiter-engine\5.6.2\junit-jupiter-engine-5.6.2.jar;C:\Users\Lunox\.m2\repository\org\junit\platform\junit-platform-engine\1.6.2\junit-platform-engine-1.6.2.jar;"/>
    <property name="sun.cpu.endian" value="little"/>
    <property name="user.home" value="C:\Users\Lunox"/>
    <property name="user.language" value="fr"/>
    <property name="java.specification.vendor" value="Oracle Corporation"/>
    <property name="java.version.date" value="2023-07-18"/>
    <property name="java.home" value="C:\Program Files\Java\jdk-17"/>
    <property name="file.separator" value="\"/>
    <property name="basedir" value="C:\Users\Lunox\OneDrive\Bureau\il\VV\VV-ISTIC-TP3\code\tp3-heap"/>
    <property name="java.vm.compressedOopsMode" value="32-bit"/>
    <property name="line.separator" value="&#10;"/>
    <property name="java.vm.specification.vendor" value="Oracle Corporation"/>
    <property name="java.specification.name" value="Java Platform API Specification"/>
    <property name="surefire.real.class.path" value="C:\Users\Lunox\AppData\Local\Temp\surefire16038502777198303474\surefirebooter14376553731826753876.jar"/>
    <property name="user.script" value=""/>
    <property name="sun.management.compiler" value="HotSpot 64-Bit Tiered Compilers"/>
    <property name="java.runtime.version" value="17.0.8+9-LTS-211"/>
    <property name="user.name" value="Lunox"/>
    <property name="path.separator" value=";"/>
    <property name="os.version" value="10.0"/>
    <property name="java.runtime.name" value="Java(TM) SE Runtime Environment"/>
    <property name="file.encoding" value="Cp1252"/>
    <property name="java.vm.name" value="Java HotSpot(TM) 64-Bit Server VM"/>
    <property name="localRepository" value="C:\Users\Lunox\.m2\repository"/>
    <property name="java.vendor.url.bug" value="https://bugreport.java.com/bugreport/"/>
    <property name="java.io.tmpdir" value="C:\Users\Lunox\AppData\Local\Temp\"/>
    <property name="java.version" value="17.0.8"/>
    <property name="user.dir" value="C:\Users\Lunox\OneDrive\Bureau\il\VV\VV-ISTIC-TP3\code\tp3-heap"/>
    <property name="os.arch" value="amd64"/>
    <property name="java.vm.specification.name" value="Java Virtual Machine Specification"/>
    <property name="sun.os.patch.level" value=""/>
    <property name="native.encoding" value="Cp1252"/>
    <property name="java.library.path" value="C:\Program Files\Java\jdk-17\bin;C:\WINDOWS\Sun\Java\bin;C:\WINDOWS\system32;C:\WINDOWS;C:\Program Files (x86)\Razer Chroma SDK\bin;C:\Program Files\Razer Chroma SDK\bin;C:\Program Files (x86)\Razer\ChromaBroadcast\bin;C:\Program Files\Razer\ChromaBroadcast\bin;C:\Program Files (x86)\Common Files\Oracle\Java\javapath;C:\WINDOWS\system32;C:\WINDOWS;C:\WINDOWS\System32\Wbem;C:\WINDOWS\System32\WindowsPowerShell\v1.0\;C:\WINDOWS\System32\OpenSSH\;C:\Program Files\dotnet\;C:\Program Files\Microsoft SQL Server\130\Tools\Binn\;C:\Program Files\Microsoft SQL Server\Client SDK\ODBC\170\Tools\Binn\;C:\Program Files (x86)\Microsoft SQL Server\150\Tools\Binn\;C:\Program Files\Microsoft SQL Server\150\Tools\Binn\;C:\Program Files\Microsoft SQL Server\150\DTS\Binn\;C:\Program Files (x86)\Microsoft SQL Server\150\DTS\Binn\;C:\Program Files (x86)\WiX Toolset v3.11\bin;C:\Program Files\Git\cmd;C:\Program Files (x86)\GitExtensions\;C:\Users\Lunox\.cargo\bin;C:\Users\Lunox\AppData\Local\Programs\Python\Python39\Scripts\;C:\Users\Lunox\AppData\Local\Programs\Python\Python39\;C:\Program Files\MySQL\MySQL Shell 8.0\bin\;C:\Users\Lunox\AppData\Local\Microsoft\WindowsApps;C:\Users\Lunox\AppData\Roaming\npm;C:\Users\Lunox\.dotnet\tools;C:\Users\Lunox\AppData\Local\Microsoft\WindowsApps;C:\Program Files\Java\jdk1.8.0_202\bin;C:\Program Files\osm2pgsql-bin;C:\Program Files\Osmosis\bin;C:\Program Files\Gradle\gradle-7.5.1\bin;C:\WINDOWS\system32\config\systemprofile\AppData\Local\Microsoft\WindowsApps;C:\Program Files\Docker\Docker\resources\bin;C:\Program Files\nodejs\;C:\Users\Lunox\AppData\Local\Android\Sdk\tools;C:\Program Files\Java\jdk-17\bin;C:\Users\Lunox\.cargo\bin;C:\Users\Lunox\AppData\Local\Programs\Python\Python39\Scripts\;C:\Users\Lunox\AppData\Local\Programs\Python\Python39\;C:\Program Files\MySQL\MySQL Shell 8.0\bin\;C:\Users\Lunox\AppData\Local\Microsoft\WindowsApps;C:\Users\Lunox\.dotnet\tools;C:\Users\Lunox\AppData\Local\Microsoft\WindowsApps;C:\Program Files\osm2pgsql-bin;C:\Program Files\Osmosis\bin;C:\Program Files\Gradle\gradle-7.5.1\bin;C:\Program Files\Maven\apache-maven-3.8.6\bin;C:\Users\Lunox\AppData\Local\Coursier\data\bin;C:\Progra~1\JavaFX\javafx-sdk-21.0.1\bin;C:\Users\Lunox\AppData\Local\Programs\Microsoft VS Code\bin;C:\Program Files\MySQL\MySQL Server 8.0\bin;C:\Program Files\Keycloak\keycloak-22.0.5\bin;C:\Users\Lunox\AppData\Local\Android\Sdk\platform-tools\adb;C:\Progra~1\Pmd\pmd-bin-7.0.0-rc4\bin;C:\Users\Lunox\AppData\Local\Android\Sdk\platform-tools;;."/>
    <property name="java.vm.info" value="mixed mode, sharing"/>
    <property name="java.vendor" value="Oracle Corporation"/>
    <property name="java.vm.version" value="17.0.8+9-LTS-211"/>
    <property name="sun.io.unicode.encoding" value="UnicodeLittle"/>
    <property name="java.class.version" value="61.0"/>
  </properties>
  <testcase name="testPop" classname="fr.istic.vv.BinaryHeapTest" time="0.083"/>
  <testcase name="testCount" classname="fr.istic.vv.BinaryHeapTest" time="0.002"/>
  <testcase name="testPeek" classname="fr.istic.vv.BinaryHeapTest" time="0.003"/>
  <testcase name="testPush" classname="fr.istic.vv.BinaryHeapTest" time="0.005"/>
  <testcase name="testPeekEmptyHeap" classname="fr.istic.vv.BinaryHeapTest" time="0.002"/>
  <testcase name="testPopEmptyHeap" classname="fr.istic.vv.BinaryHeapTest" time="0.002"/>
</testsuite>